{
  "RSpec": {
    "coverage": {
      "/Users/sethperna/turing/1module/enigma/lib/enigma.rb": {
        "lines": [
          1,
          1,
          1,
          1,
          1,
          1,
          1,
          1,
          1,
          1,
          1,
          11,
          null,
          null
        ]
      },
      "/Users/sethperna/turing/1module/enigma/lib/encrypt.rb": {
        "lines": [
          1,
          1,
          6,
          6,
          6,
          6,
          6,
          6,
          6,
          6,
          6,
          6,
          65,
          65,
          1,
          64,
          17,
          17,
          47,
          17,
          17,
          30,
          17,
          17,
          13,
          13,
          13,
          null,
          null,
          null,
          null,
          6,
          null,
          null,
          null,
          null,
          null
        ]
      },
      "/Users/sethperna/turing/1module/enigma/lib/decrypt.rb": {
        "lines": [
          1,
          1,
          3,
          3,
          3,
          3,
          3,
          3,
          3,
          3,
          3,
          3,
          31,
          31,
          1,
          30,
          8,
          8,
          22,
          8,
          8,
          14,
          8,
          8,
          6,
          6,
          6,
          null,
          null,
          null,
          null,
          3,
          null,
          null,
          null,
          null,
          null
        ]
      },
      "/Users/sethperna/turing/1module/enigma/lib/key_generator.rb": {
        "lines": [
          1,
          1,
          2,
          null,
          null
        ]
      },
      "/Users/sethperna/turing/1module/enigma/lib/today_date.rb": {
        "lines": [
          1,
          1,
          1,
          5,
          null,
          null
        ]
      }
    },
    "timestamp": 1637067824
  }
}
