{
  "RSpec": {
    "coverage": {
      "/Users/sethperna/turing/1module/enigma/lib/enigma.rb": {
        "lines": [
          1,
          1,
          1,
          1,
          1,
          1,
          1,
          1,
          1,
          1,
          1,
          10,
          null,
          null
        ]
      },
      "/Users/sethperna/turing/1module/enigma/lib/encrypt.rb": {
        "lines": [
          1,
          1,
          5,
          5,
          5,
          5,
          5,
          5,
          5,
          5,
          5,
          5,
          54,
          54,
          1,
          53,
          14,
          14,
          39,
          14,
          14,
          25,
          14,
          14,
          11,
          11,
          11,
          null,
          null,
          null,
          null,
          5,
          null,
          null,
          null,
          null,
          null
        ]
      },
      "/Users/sethperna/turing/1module/enigma/lib/decrypt.rb": {
        "lines": [
          1,
          1,
          3,
          3,
          3,
          3,
          3,
          3,
          3,
          3,
          3,
          3,
          31,
          31,
          1,
          30,
          8,
          8,
          22,
          8,
          8,
          14,
          8,
          8,
          6,
          6,
          6,
          null,
          null,
          null,
          null,
          3,
          null,
          null,
          null,
          null,
          null
        ]
      },
      "/Users/sethperna/turing/1module/enigma/lib/key_generator.rb": {
        "lines": [
          1,
          1,
          1,
          null,
          null
        ]
      },
      "/Users/sethperna/turing/1module/enigma/lib/today_date.rb": {
        "lines": [
          1,
          1,
          1,
          4,
          null,
          null
        ]
      }
    },
    "timestamp": 1637020485
  }
}
